<?xml version="1.0" encoding="UTF-8"?>
<beans xmlns="http://www.springframework.org/schema/beans"
	xmlns:xsi="http://www.w3.org/2001/XMLSchema-instance" xmlns:context="http://www.springframework.org/schema/context"
	xmlns:security="http://www.springframework.org/schema/security"
	xsi:schemaLocation="http://www.springframework.org/schema/beans http://www.springframework.org/schema/beans/spring-beans.xsd
						http://www.springframework.org/schema/security http://www.springframework.org/schema/security/spring-security.xsd
    					http://www.springframework.org/schema/context http://www.springframework.org/schema/context/spring-context.xsd">

	<!-- 系统参数配置文件，使用PropertyPlaceholderConfigurer读取 cfg.properties配置内容 -->
	<context:property-placeholder location="classpath:cfg.properties" />

	<!-- 使用注解方式进行依赖注入 @Autowired ，自动装配 -->
	<context:annotation-config />

	<!-- 组件扫描 : @Component/@Service等，自动生成bean，使用类名作为bean id 
	<context:component-scan
		base-package="com.hf.app.action,com.hf.framework.core.context, com.hf.framework.web.plugin.impl,
 			com.hf.framework.service, com.hf.framework.log, com.hf.framework.exception, com.isoftstone" />
 	-->		

    <bean id="mailServiceImpl" class="com.hf.framework.service.mail.impl.MailServiceImpl"/>

	<!-- 引入持久层相关配置 -->
	<import resource="app-context-persistent.xml" />

	<!-- 引入业务层bean相关配置 -->
	<import resource="app-context-bean.xml" />
	
	<aop:config>
		<aop:pointcut id="serviceMethods" expression="execution(* com.hf.framework.service.cache.*Impl.*(..))" />
		<aop:advisor pointcut-ref="serviceMethods" advice-ref="txAdvice" />
	</aop:config>
	
	<bean id="userService" class="com.sinosafe.xszc.channel.service.impl" />

	<!-- 引入缓存服务的配置 -->
	<bean id="cacheManager" class="com.hf.framework.service.cache.CacheManager" />
	<bean id="cacheService" class="com.hf.framework.service.cache.CacheServiceImpl">
		<property name="cacheManager" ref="cacheManager" />
		<property name="baseDao" ref="baseDao" />
	</bean>
</beans>
