<?xml version="1.0" encoding="UTF-8"?>
<beans xmlns="http://www.springframework.org/schema/beans" xmlns:xsi="http://www.w3.org/2001/XMLSchema-instance" xmlns:context="http://www.springframework.org/schema/context"
	xmlns:security="http://www.springframework.org/schema/security"
	xsi:schemaLocation="http://www.springframework.org/schema/beans http://www.springframework.org/schema/beans/spring-beans.xsd
                        http://www.springframework.org/schema/security http://www.springframework.org/schema/security/spring-security.xsd
                        http://www.springframework.org/schema/context http://www.springframework.org/schema/context/spring-context.xsd">

	<!-- 模拟dubbo调用，不是真的调用dubbo -->
	
	<!-- 系统参数配置文件 -->
	<context:property-placeholder location="classpath:cfg.properties" />

	<!-- 使用注解方式进行依赖注入 @Autowired ，自动装配 -->
	<context:annotation-config />

	<!-- 组件扫描 : @Component/@Service等 -->
	<context:component-scan base-package="com.hf.framework,com.sinosafe.xszc.dubbo">
		<context:exclude-filter expression="com.hf.framework.core.*" type="regex" />
		<context:exclude-filter expression="com.hf.framework.service.*" type="regex" />
		<context:exclude-filter expression="com.hf.framework.exception.*" type="regex" />
	</context:component-scan>

	<!-- 引入持久层相关配置 -->
	<import resource="app-context-persistent.xml" />

</beans>
